#
# There is insufficient memory for the Java Runtime Environment to continue.
# Native memory allocation (malloc) failed to allocate 18300688 bytes. Error detail: Chunk::new
# Possible reasons:
#   The system is out of physical RAM or swap space
#   This process is running with CompressedOops enabled, and the Java Heap may be blocking the growth of the native heap
# Possible solutions:
#   Reduce memory load on the system
#   Increase physical memory or swap space
#   Check if swap backing store is full
#   Decrease Java heap size (-Xmx/-Xms)
#   Decrease number of Java threads
#   Decrease Java thread stack sizes (-Xss)
#   Set larger code cache with -XX:ReservedCodeCacheSize=
#   JVM is running with Unscaled Compressed Oops mode in which the Java heap is
#     placed in the first 4GB address space. The Java Heap base address is the
#     maximum limit for the native heap growth. Please use -XX:HeapBaseMinAddress
#     to set the Java Heap base and to place the Java Heap above 4GB virtual address.
# This output file may be truncated or incomplete.
#
#  Out of Memory Error (arena.cpp:162), pid=4020, tid=1908
#
# JRE version: Java(TM) SE Runtime Environment (24.0.2+12) (build 24.0.2+12-54)
# Java VM: Java HotSpot(TM) 64-Bit Server VM (24.0.2+12-54, mixed mode, sharing, tiered, compressed oops, compressed class ptrs, g1 gc, windows-amd64)
# No core dump will be written. Minidumps are not enabled by default on client versions of Windows
#

---------------  S U M M A R Y ------------

Command Line: -javaagent:C:\Program Files\JetBrains\IntelliJ IDEA Community Edition 2025.1.4.1\lib\idea_rt.jar=61572 -Dfile.encoding=UTF-8 -Dsun.stdout.encoding=UTF-8 -Dsun.stderr.encoding=UTF-8 com.example.fidelidad_api.FidelidadApiApplication

Host: AMD Athlon Gold 3150U with Radeon Graphics     , 4 cores, 3G,  Windows 11 , 64 bit Build 26100 (10.0.26100.4768)
Time: Thu Aug 28 21:16:44 2025 Hora est. Pacífico, Sudamérica elapsed time: 5.771139 seconds (0d 0h 0m 5s)

---------------  T H R E A D  ---------------

Current thread (0x000002c466527510):  JavaThread "C2 CompilerThread0" daemon [_thread_in_native, id=1908, stack(0x000000e07e600000,0x000000e07e700000) (1024K)]


Current CompileTask:
C2:5771 3705       4       org.springframework.beans.factory.support.AbstractBeanFactory::isTypeMatch (745 bytes)

Stack: [0x000000e07e600000,0x000000e07e700000]
Native frames: (J=compiled Java code, j=interpreted, Vv=VM code, C=native code)
V  [jvm.dll+0x730829]  (no source info available)
V  [jvm.dll+0x8d9da3]  (no source info available)
V  [jvm.dll+0x8dc28d]  (no source info available)
V  [jvm.dll+0x8dc903]  (no source info available)
V  [jvm.dll+0x2a9f56]  (no source info available)
V  [jvm.dll+0xced7f]  (no source info available)
V  [jvm.dll+0xcefdf]  (no source info available)
V  [jvm.dll+0x154c83]  (no source info available)
V  [jvm.dll+0x73604f]  (no source info available)
V  [jvm.dll+0x26f8dc]  (no source info available)
V  [jvm.dll+0x26e8ff]  (no source info available)
V  [jvm.dll+0x1e9c90]  (no source info available)
V  [jvm.dll+0x27e0cb]  (no source info available)
V  [jvm.dll+0x27c36a]  (no source info available)
V  [jvm.dll+0x42f396]  (no source info available)
V  [jvm.dll+0x87d9eb]  (no source info available)
V  [jvm.dll+0x72ef45]  (no source info available)
C  [ucrtbase.dll+0x37b0]  (no source info available)
C  [KERNEL32.DLL+0x2e8d7]  (no source info available)
C  [ntdll.dll+0x3c34c]  (no source info available)

Lock stack of current Java thread (top to bottom):


---------------  P R O C E S S  ---------------

Threads class SMR info:
_java_thread_list=0x000002c4467ecae0, length=12, elements={
0x000002c44b5955a0, 0x000002c46651d890, 0x000002c46651e4c0, 0x000002c466521200,
0x000002c466521f30, 0x000002c466524b70, 0x000002c4665266b0, 0x000002c466527510,
0x000002c466564ae0, 0x000002c4451a19b0, 0x000002c445506990, 0x000002c4455070d0
}

Java Threads: ( => current thread )
  0x000002c44b5955a0 JavaThread "main"                              [_thread_blocked, id=14412, stack(0x000000e07d800000,0x000000e07d900000) (1024K)]
  0x000002c46651d890 JavaThread "Reference Handler"          daemon [_thread_blocked, id=14392, stack(0x000000e07e000000,0x000000e07e100000) (1024K)]
  0x000002c46651e4c0 JavaThread "Finalizer"                  daemon [_thread_blocked, id=10460, stack(0x000000e07e100000,0x000000e07e200000) (1024K)]
  0x000002c466521200 JavaThread "Signal Dispatcher"          daemon [_thread_blocked, id=5800, stack(0x000000e07e200000,0x000000e07e300000) (1024K)]
  0x000002c466521f30 JavaThread "Attach Listener"            daemon [_thread_blocked, id=7432, stack(0x000000e07e300000,0x000000e07e400000) (1024K)]
  0x000002c466524b70 JavaThread "Service Thread"             daemon [_thread_blocked, id=6464, stack(0x000000e07e400000,0x000000e07e500000) (1024K)]
  0x000002c4665266b0 JavaThread "Monitor Deflation Thread"   daemon [_thread_blocked, id=7588, stack(0x000000e07e500000,0x000000e07e600000) (1024K)]
=>0x000002c466527510 JavaThread "C2 CompilerThread0"         daemon [_thread_in_native, id=1908, stack(0x000000e07e600000,0x000000e07e700000) (1024K)]
  0x000002c466564ae0 JavaThread "C1 CompilerThread0"         daemon [_thread_blocked, id=14848, stack(0x000000e07e700000,0x000000e07e800000) (1024K)]
  0x000002c4451a19b0 JavaThread "Common-Cleaner"             daemon [_thread_blocked, id=15216, stack(0x000000e07e800000,0x000000e07e900000) (1024K)]
  0x000002c445506990 JavaThread "Monitor Ctrl-Break"         daemon [_thread_in_native, id=10956, stack(0x000000e07e900000,0x000000e07ea00000) (1024K)]
  0x000002c4455070d0 JavaThread "Notification Thread"        daemon [_thread_blocked, id=13516, stack(0x000000e07ea00000,0x000000e07eb00000) (1024K)]
Total: 12

Other Threads:
  0x000002c46650f220 VMThread "VM Thread"                           [id=4504, stack(0x000000e07df00000,0x000000e07e000000) (1024K)]
  0x000002c466502d90 WatcherThread "VM Periodic Task Thread"        [id=8952, stack(0x000000e07de00000,0x000000e07df00000) (1024K)]
  0x000002c44b5cabb0 WorkerThread "GC Thread#0"                     [id=11764, stack(0x000000e07d900000,0x000000e07da00000) (1024K)]
  0x000002c445cfa590 WorkerThread "GC Thread#1"                     [id=14356, stack(0x000000e07eb00000,0x000000e07ec00000) (1024K)]
  0x000002c445d04b60 WorkerThread "GC Thread#2"                     [id=4432, stack(0x000000e07ec00000,0x000000e07ed00000) (1024K)]
  0x000002c445d9af30 WorkerThread "GC Thread#3"                     [id=9772, stack(0x000000e07ee00000,0x000000e07ef00000) (1024K)]
  0x000002c44b5d48b0 ConcurrentGCThread "G1 Main Marker"            [id=9936, stack(0x000000e07da00000,0x000000e07db00000) (1024K)]
  0x000002c44b5d66d0 WorkerThread "G1 Conc#0"                       [id=9460, stack(0x000000e07db00000,0x000000e07dc00000) (1024K)]
  0x000002c44b64d560 ConcurrentGCThread "G1 Refine#0"               [id=6752, stack(0x000000e07dc00000,0x000000e07dd00000) (1024K)]
  0x000002c44b64e0e0 ConcurrentGCThread "G1 Service"                [id=6704, stack(0x000000e07dd00000,0x000000e07de00000) (1024K)]
Total: 10

Threads with active compile tasks:
C2 CompilerThread0  5880 3705       4       org.springframework.beans.factory.support.AbstractBeanFactory::isTypeMatch (745 bytes)
Total: 1

VM state: at safepoint (normal execution)

VM Mutex/Monitor currently owned by a thread:  ([mutex/lock_event])
[0x00007ffb033344f0] Threads_lock - owner thread: 0x000002c46650f220
[0x00007ffb033345f0] Heap_lock - owner thread: 0x000002c44b5955a0

Heap address: 0x00000000c9200000, size: 878 MB, Compressed Oops mode: 32-bit

CDS archive(s) mapped at: [0x000002c400000000-0x000002c400d40000-0x000002c400d40000), size 13893632, SharedBaseAddress: 0x000002c400000000, ArchiveRelocationMode: 1.
Compressed class space mapped at: 0x000002c401000000-0x000002c441000000, reserved size: 1073741824
UseCompressedClassPointers 1, UseCompactObjectHeaders 0
Narrow klass pointer bits 32, Max shift 3
Narrow klass base: 0x000002c400000000, Narrow klass shift: 0
Encoding Range: [0x000002c400000000 - 0x000002c500000000), (4294967296 bytes)
Klass Range:    [0x000002c400000000 - 0x000002c441000000), (1090519040 bytes)
Klass ID Range:  [8 - 1090519033) (1090519025)

GC Precious Log:
 CardTable entry size: 512
 Card Set container configuration: InlinePtr #cards 5 size 8 Array Of Cards #cards 10 size 36 Howl #buckets 4 coarsen threshold 1843 Howl Bitmap #cards 512 size 80 coarsen threshold 460 Card regions per heap region 1 cards per card region 2048
 CPUs: 4 total, 4 available
 Memory: 3504M
 Large Page Support: Disabled
 NUMA Support: Disabled
 Compressed Oops: Enabled (32-bit)
 Heap Region Size: 1M
 Heap Min Capacity: 8M
 Heap Initial Capacity: 56M
 Heap Max Capacity: 878M
 Pre-touch: Disabled
 Parallel Workers: 4
 Concurrent Workers: 1
 Concurrent Refinement Workers: 4
 Periodic GC: Disabled

Heap:
 garbage-first heap   total reserved 899072K, committed 55296K, used 41204K [0x00000000c9200000, 0x0000000100000000)
  region size 1024K, 25 young (25600K), 2 survivors (2048K)
 Metaspace       used 29279K, committed 29632K, reserved 1114112K
  class space    used 3105K, committed 3264K, reserved 1048576K

Heap Regions: E=young(eden), S=young(survivor), O=old, HS=humongous(starts), HC=humongous(continues), CS=collection set, F=free, TAMS=top-at-mark-start, PB=parsable bottom
|   0|0x00000000c9200000, 0x00000000c9300000, 0x00000000c9300000|100%|HS|  |TAMS 0x00000000c9200000| PB 0x00000000c9200000| Complete |  0
|   1|0x00000000c9300000, 0x00000000c9400000, 0x00000000c9400000|100%|HS|  |TAMS 0x00000000c9300000| PB 0x00000000c9300000| Complete |  0
|   2|0x00000000c9400000, 0x00000000c9500000, 0x00000000c9500000|100%| O|  |TAMS 0x00000000c9400000| PB 0x00000000c9400000| Untracked |  0
|   3|0x00000000c9500000, 0x00000000c9600000, 0x00000000c9600000|100%| O|  |TAMS 0x00000000c9500000| PB 0x00000000c9500000| Untracked |  0
|   4|0x00000000c9600000, 0x00000000c9700000, 0x00000000c9700000|100%| O|  |TAMS 0x00000000c9600000| PB 0x00000000c9600000| Untracked |  0
|   5|0x00000000c9700000, 0x00000000c9800000, 0x00000000c9800000|100%| O|  |TAMS 0x00000000c9700000| PB 0x00000000c9700000| Untracked |  0
|   6|0x00000000c9800000, 0x00000000c9900000, 0x00000000c9900000|100%| O|  |TAMS 0x00000000c9800000| PB 0x00000000c9800000| Untracked |  0
|   7|0x00000000c9900000, 0x00000000c9a00000, 0x00000000c9a00000|100%| O|  |TAMS 0x00000000c9900000| PB 0x00000000c9900000| Untracked |  0
|   8|0x00000000c9a00000, 0x00000000c9b00000, 0x00000000c9b00000|100%| O|  |TAMS 0x00000000c9a00000| PB 0x00000000c9a00000| Untracked |  0
|   9|0x00000000c9b00000, 0x00000000c9c00000, 0x00000000c9c00000|100%| O|  |TAMS 0x00000000c9b00000| PB 0x00000000c9b00000| Untracked |  0
|  10|0x00000000c9c00000, 0x00000000c9d00000, 0x00000000c9d00000|100%| O|  |TAMS 0x00000000c9c00000| PB 0x00000000c9c00000| Untracked |  0
|  11|0x00000000c9d00000, 0x00000000c9e00000, 0x00000000c9e00000|100%| O|  |TAMS 0x00000000c9d00000| PB 0x00000000c9d00000| Untracked |  0
|  12|0x00000000c9e00000, 0x00000000c9e38e80, 0x00000000c9f00000| 22%| O|  |TAMS 0x00000000c9e00000| PB 0x00000000c9e00000| Untracked |  0
|  13|0x00000000c9f00000, 0x00000000ca000000, 0x00000000ca000000|100%| O|  |TAMS 0x00000000c9f00000| PB 0x00000000c9f00000| Untracked |  0
|  14|0x00000000ca000000, 0x00000000ca100000, 0x00000000ca100000|100%| O|  |TAMS 0x00000000ca000000| PB 0x00000000ca000000| Untracked |  0
|  15|0x00000000ca100000, 0x00000000ca194ac0, 0x00000000ca200000| 58%| O|  |TAMS 0x00000000ca100000| PB 0x00000000ca100000| Untracked |  0
|  16|0x00000000ca200000, 0x00000000ca200000, 0x00000000ca300000|  0%| F|  |TAMS 0x00000000ca200000| PB 0x00000000ca200000| Untracked |  0
|  17|0x00000000ca300000, 0x00000000ca300000, 0x00000000ca400000|  0%| F|  |TAMS 0x00000000ca300000| PB 0x00000000ca300000| Untracked |  0
|  18|0x00000000ca400000, 0x00000000ca400000, 0x00000000ca500000|  0%| F|  |TAMS 0x00000000ca400000| PB 0x00000000ca400000| Untracked |  0
|  19|0x00000000ca500000, 0x00000000ca500000, 0x00000000ca600000|  0%| F|  |TAMS 0x00000000ca500000| PB 0x00000000ca500000| Untracked |  0
|  20|0x00000000ca600000, 0x00000000ca6e71d0, 0x00000000ca700000| 90%| E|CS|TAMS 0x00000000ca600000| PB 0x00000000ca600000| Complete |  0
|  21|0x00000000ca700000, 0x00000000ca800000, 0x00000000ca800000|100%| E|CS|TAMS 0x00000000ca700000| PB 0x00000000ca700000| Complete |  0
|  22|0x00000000ca800000, 0x00000000ca900000, 0x00000000ca900000|100%| E|CS|TAMS 0x00000000ca800000| PB 0x00000000ca800000| Complete |  0
|  23|0x00000000ca900000, 0x00000000caa00000, 0x00000000caa00000|100%| E|CS|TAMS 0x00000000ca900000| PB 0x00000000ca900000| Complete |  0
|  24|0x00000000caa00000, 0x00000000caa00000, 0x00000000cab00000|  0%| F|  |TAMS 0x00000000caa00000| PB 0x00000000caa00000| Untracked |  0
|  25|0x00000000cab00000, 0x00000000cab00000, 0x00000000cac00000|  0%| F|  |TAMS 0x00000000cab00000| PB 0x00000000cab00000| Untracked |  0
|  26|0x00000000cac00000, 0x00000000cac00000, 0x00000000cad00000|  0%| F|  |TAMS 0x00000000cac00000| PB 0x00000000cac00000| Untracked |  0
|  27|0x00000000cad00000, 0x00000000cad99cd0, 0x00000000cae00000| 60%| S|  |TAMS 0x00000000cad00000| PB 0x00000000cad00000| Complete |  0
|  28|0x00000000cae00000, 0x00000000caf00000, 0x00000000caf00000|100%| S|  |TAMS 0x00000000cae00000| PB 0x00000000cae00000| Complete |  0
|  29|0x00000000caf00000, 0x00000000cb000000, 0x00000000cb000000|100%| E|CS|TAMS 0x00000000caf00000| PB 0x00000000caf00000| Complete |  0
|  30|0x00000000cb000000, 0x00000000cb100000, 0x00000000cb100000|100%| E|CS|TAMS 0x00000000cb000000| PB 0x00000000cb000000| Complete |  0
|  31|0x00000000cb100000, 0x00000000cb200000, 0x00000000cb200000|100%| E|CS|TAMS 0x00000000cb100000| PB 0x00000000cb100000| Complete |  0
|  32|0x00000000cb200000, 0x00000000cb300000, 0x00000000cb300000|100%| E|CS|TAMS 0x00000000cb200000| PB 0x00000000cb200000| Complete |  0
|  33|0x00000000cb300000, 0x00000000cb400000, 0x00000000cb400000|100%| E|CS|TAMS 0x00000000cb300000| PB 0x00000000cb300000| Complete |  0
|  34|0x00000000cb400000, 0x00000000cb500000, 0x00000000cb500000|100%| E|CS|TAMS 0x00000000cb400000| PB 0x00000000cb400000| Complete |  0
|  35|0x00000000cb500000, 0x00000000cb600000, 0x00000000cb600000|100%| E|CS|TAMS 0x00000000cb500000| PB 0x00000000cb500000| Complete |  0
|  36|0x00000000cb600000, 0x00000000cb700000, 0x00000000cb700000|100%| E|CS|TAMS 0x00000000cb600000| PB 0x00000000cb600000| Complete |  0
|  37|0x00000000cb700000, 0x00000000cb800000, 0x00000000cb800000|100%| E|CS|TAMS 0x00000000cb700000| PB 0x00000000cb700000| Complete |  0
|  38|0x00000000cb800000, 0x00000000cb900000, 0x00000000cb900000|100%| E|CS|TAMS 0x00000000cb800000| PB 0x00000000cb800000| Complete |  0
|  39|0x00000000cb900000, 0x00000000cba00000, 0x00000000cba00000|100%| E|CS|TAMS 0x00000000cb900000| PB 0x00000000cb900000| Complete |  0
|  40|0x00000000cba00000, 0x00000000cbb00000, 0x00000000cbb00000|100%| E|CS|TAMS 0x00000000cba00000| PB 0x00000000cba00000| Complete |  0
|  41|0x00000000cbb00000, 0x00000000cbc00000, 0x00000000cbc00000|100%| E|CS|TAMS 0x00000000cbb00000| PB 0x00000000cbb00000| Complete |  0
|  42|0x00000000cbc00000, 0x00000000cbd00000, 0x00000000cbd00000|100%| E|CS|TAMS 0x00000000cbc00000| PB 0x00000000cbc00000| Complete |  0
|  43|0x00000000cbd00000, 0x00000000cbe00000, 0x00000000cbe00000|100%| E|CS|TAMS 0x00000000cbd00000| PB 0x00000000cbd00000| Complete |  0
|  44|0x00000000cbe00000, 0x00000000cbf00000, 0x00000000cbf00000|100%| E|CS|TAMS 0x00000000cbe00000| PB 0x00000000cbe00000| Complete |  0
|  45|0x00000000cbf00000, 0x00000000cc000000, 0x00000000cc000000|100%| E|CS|TAMS 0x00000000cbf00000| PB 0x00000000cbf00000| Complete |  0
|  46|0x00000000cc000000, 0x00000000cc100000, 0x00000000cc100000|100%| E|CS|TAMS 0x00000000cc000000| PB 0x00000000cc000000| Complete |  0
|  47|0x00000000cc100000, 0x00000000cc200000, 0x00000000cc200000|100%| E|CS|TAMS 0x00000000cc100000| PB 0x00000000cc100000| Complete |  0
|  48|0x00000000cc200000, 0x00000000cc300000, 0x00000000cc300000|100%| E|CS|TAMS 0x00000000cc200000| PB 0x00000000cc200000| Complete |  0
|  49|0x00000000cc300000, 0x00000000cc400000, 0x00000000cc400000|100%| E|CS|TAMS 0x00000000cc300000| PB 0x00000000cc300000| Complete |  0
|  50|0x00000000cc400000, 0x00000000cc500000, 0x00000000cc500000|100%| E|CS|TAMS 0x00000000cc400000| PB 0x00000000cc400000| Complete |  0
|  51|0x00000000cc500000, 0x00000000cc600000, 0x00000000cc600000|100%| E|CS|TAMS 0x00000000cc500000| PB 0x00000000cc500000| Complete |  0
| 876|0x00000000ffe00000, 0x00000000fff00000, 0x00000000fff00000|100%| O|  |TAMS 0x00000000ffe00000| PB 0x00000000ffe00000| Untracked |  0
| 877|0x00000000fff00000, 0x00000000fff1d248, 0x0000000100000000| 11%| O|CS|TAMS 0x00000000fff00000| PB 0x00000000fff00000| Complete |  0

Card table byte_map: [0x000002c462ff0000,0x000002c4631b0000] _byte_map_base: 0x000002c4629a7000

Marking Bits: (CMBitMap*) 0x000002c44b5cb2c0
 Bits: [0x000002c4631b0000, 0x000002c463f68000)

Polling page: 0x000002c449520000

Metaspace:

Usage:
  Non-class:     25.56 MB used.
      Class:      3.03 MB used.
       Both:     28.59 MB used.

Virtual space:
  Non-class space:       64.00 MB reserved,      25.75 MB ( 40%) committed,  1 nodes.
      Class space:        1.00 GB reserved,       3.19 MB ( <1%) committed,  1 nodes.
             Both:        1.06 GB reserved,      28.94 MB (  3%) committed. 

Chunk freelists:
   Non-Class:  5.64 MB
       Class:  12.82 MB
        Both:  18.46 MB

MaxMetaspaceSize: unlimited
CompressedClassSpaceSize: 1.00 GB
Initial GC threshold: 21.00 MB
Current GC threshold: 35.12 MB
CDS: on
 - commit_granule_bytes: 65536.
 - commit_granule_words: 8192.
 - virtual_space_node_default_size: 8388608.
 - enlarge_chunks_in_place: 1.
UseCompressedClassPointers 1, UseCompactObjectHeaders 0
Narrow klass pointer bits 32, Max shift 3
Narrow klass base: 0x000002c400000000, Narrow klass shift: 0
Encoding Range: [0x000002c400000000 - 0x000002c500000000), (4294967296 bytes)
Klass Range:    [0x000002c400000000 - 0x000002c441000000), (1090519040 bytes)
Klass ID Range:  [8 - 1090519033) (1090519025)


Internal statistics:

num_allocs_failed_limit: 3.
num_arena_births: 378.
num_arena_deaths: 0.
num_vsnodes_births: 2.
num_vsnodes_deaths: 0.
num_space_committed: 463.
num_space_uncommitted: 0.
num_chunks_returned_to_freelist: 3.
num_chunks_taken_from_freelist: 1332.
num_chunk_merges: 0.
num_chunk_splits: 939.
num_chunks_enlarged: 752.
num_inconsistent_stats: 0.

CodeHeap 'non-profiled nmethods': size=120064Kb used=1231Kb max_used=1231Kb free=118832Kb
 bounds [0x000002c45b8f0000, 0x000002c45bb60000, 0x000002c462e30000]
CodeHeap 'profiled nmethods': size=120000Kb used=7188Kb max_used=7188Kb free=112811Kb
 bounds [0x000002c453e30000, 0x000002c454540000, 0x000002c45b360000]
CodeHeap 'non-nmethods': size=5696Kb used=1394Kb max_used=1447Kb free=4302Kb
 bounds [0x000002c45b360000, 0x000002c45b5d0000, 0x000002c45b8f0000]
CodeCache: size=245760Kb, used=9813Kb, max_used=9866Kb, free=235945Kb
 total_blobs=4646, nmethods=4091, adapters=459, full_count=0
Compilation: enabled, stopped_count=0, restarted_count=0

Compilation events (20 events):
Event: 5.608 Thread 0x000002c466564ae0 4052       2       org.springframework.transaction.annotation.SpringTransactionAnnotationParser::parseTransactionAnnotation (21 bytes)
Event: 5.609 Thread 0x000002c466564ae0 nmethod 4052 0x000002c45451f508 code [0x000002c45451f640, 0x000002c45451f7e8]
Event: 5.609 Thread 0x000002c466564ae0 4053       2       org.springframework.transaction.annotation.JtaTransactionAnnotationParser::parseTransactionAnnotation (19 bytes)
Event: 5.609 Thread 0x000002c466564ae0 nmethod 4053 0x000002c45451f808 code [0x000002c45451f940, 0x000002c45451fad8]
Event: 5.609 Thread 0x000002c466564ae0 4054       2       java.lang.reflect.Field::getDeclaredAnnotations (8 bytes)
Event: 5.609 Thread 0x000002c466564ae0 nmethod 4054 0x000002c45451fb08 code [0x000002c45451fc40, 0x000002c45451fe20]
Event: 5.609 Thread 0x000002c466564ae0 4055   !   2       jdk.proxy2.$Proxy55::annotationType (28 bytes)
Event: 5.609 Thread 0x000002c466564ae0 nmethod 4055 0x000002c45451fe88 code [0x000002c45451ffc0, 0x000002c454520248]
Event: 5.610 Thread 0x000002c466564ae0 4056       2       org.springframework.beans.factory.annotation.InjectionMetadata::needsRefresh (18 bytes)
Event: 5.610 Thread 0x000002c466564ae0 nmethod 4056 0x000002c454520288 code [0x000002c4545203a0, 0x000002c4545204d0]
Event: 5.610 Thread 0x000002c466564ae0 4057       2       org.springframework.util.ReflectionUtils::isObjectMethod (40 bytes)
Event: 5.611 Thread 0x000002c466564ae0 nmethod 4057 0x000002c454520588 code [0x000002c4545206c0, 0x000002c454520908]
Event: 5.617 Thread 0x000002c466564ae0 4058       2       java.lang.invoke.MethodHandles::constant (88 bytes)
Event: 5.618 Thread 0x000002c466564ae0 nmethod 4058 0x000002c454520988 code [0x000002c454520ba0, 0x000002c4545213b8]
Event: 5.631 Thread 0x000002c466564ae0 4061       2       java.util.WeakHashMap::getTable (9 bytes)
Event: 5.631 Thread 0x000002c466564ae0 nmethod 4061 0x000002c454521488 code [0x000002c4545215a0, 0x000002c4545216c8]
Event: 5.635 Thread 0x000002c466564ae0 4062       2       org.springframework.boot.env.OriginTrackedMapPropertySource::getProperty (25 bytes)
Event: 5.635 Thread 0x000002c466564ae0 nmethod 4062 0x000002c454521788 code [0x000002c4545218c0, 0x000002c454521b18]
Event: 5.635 Thread 0x000002c466564ae0 4063       2       org.springframework.boot.context.properties.source.ConfigurationPropertyName::elementsOf (147 bytes)
Event: 5.635 Thread 0x000002c466564ae0 nmethod 4063 0x000002c454521b88 code [0x000002c454521d80, 0x000002c454522570]

GC Heap History (10 events):
Event: 1.921 GC heap before
{Heap before GC invocations=0 (full 0):
 garbage-first heap   total reserved 899072K, committed 59392K, used 31860K [0x00000000c9200000, 0x0000000100000000)
  region size 1024K, 28 young (28672K), 0 survivors (0K)
 Metaspace       used 7185K, committed 7424K, reserved 1114112K
  class space    used 721K, committed 832K, reserved 1048576K
}
Event: 1.932 GC heap after
{Heap after GC invocations=1 (full 0):
 garbage-first heap   total reserved 899072K, committed 59392K, used 9171K [0x00000000c9200000, 0x0000000100000000)
  region size 1024K, 4 young (4096K), 4 survivors (4096K)
 Metaspace       used 7185K, committed 7424K, reserved 1114112K
  class space    used 721K, committed 832K, reserved 1048576K
}
Event: 2.592 GC heap before
{Heap before GC invocations=1 (full 0):
 garbage-first heap   total reserved 899072K, committed 59392K, used 29651K [0x00000000c9200000, 0x0000000100000000)
  region size 1024K, 25 young (25600K), 4 survivors (4096K)
 Metaspace       used 12498K, committed 12736K, reserved 1114112K
  class space    used 1406K, committed 1536K, reserved 1048576K
}
Event: 2.601 GC heap after
{Heap after GC invocations=2 (full 0):
 garbage-first heap   total reserved 899072K, committed 59392K, used 11049K [0x00000000c9200000, 0x0000000100000000)
  region size 1024K, 2 young (2048K), 2 survivors (2048K)
 Metaspace       used 12498K, committed 12736K, reserved 1114112K
  class space    used 1406K, committed 1536K, reserved 1048576K
}
Event: 3.208 GC heap before
{Heap before GC invocations=2 (full 0):
 garbage-first heap   total reserved 899072K, committed 59392K, used 34601K [0x00000000c9200000, 0x0000000100000000)
  region size 1024K, 26 young (26624K), 2 survivors (2048K)
 Metaspace       used 19661K, committed 19904K, reserved 1114112K
  class space    used 1954K, committed 2048K, reserved 1048576K
}
Event: 3.213 GC heap after
{Heap after GC invocations=3 (full 0):
 garbage-first heap   total reserved 899072K, committed 59392K, used 13536K [0x00000000c9200000, 0x0000000100000000)
  region size 1024K, 4 young (4096K), 4 survivors (4096K)
 Metaspace       used 19661K, committed 19904K, reserved 1114112K
  class space    used 1954K, committed 2048K, reserved 1048576K
}
Event: 3.456 GC heap before
{Heap before GC invocations=3 (full 0):
 garbage-first heap   total reserved 899072K, committed 59392K, used 22752K [0x00000000c9200000, 0x0000000100000000)
  region size 1024K, 14 young (14336K), 4 survivors (4096K)
 Metaspace       used 21340K, committed 21504K, reserved 1114112K
  class space    used 2163K, committed 2240K, reserved 1048576K
}
Event: 3.465 GC heap after
{Heap after GC invocations=4 (full 0):
 garbage-first heap   total reserved 899072K, committed 59392K, used 14680K [0x00000000c9200000, 0x0000000100000000)
  region size 1024K, 1 young (1024K), 1 survivors (1024K)
 Metaspace       used 21340K, committed 21504K, reserved 1114112K
  class space    used 2163K, committed 2240K, reserved 1048576K
}
Event: 4.927 GC heap before
{Heap before GC invocations=5 (full 0):
 garbage-first heap   total reserved 899072K, committed 55296K, used 42328K [0x00000000c9200000, 0x0000000100000000)
  region size 1024K, 28 young (28672K), 1 survivors (1024K)
 Metaspace       used 25615K, committed 25920K, reserved 1114112K
  class space    used 2618K, committed 2752K, reserved 1048576K
}
Event: 4.935 GC heap after
{Heap after GC invocations=6 (full 0):
 garbage-first heap   total reserved 899072K, committed 55296K, used 17652K [0x00000000c9200000, 0x0000000100000000)
  region size 1024K, 4 young (4096K), 4 survivors (4096K)
 Metaspace       used 25615K, committed 25920K, reserved 1114112K
  class space    used 2618K, committed 2752K, reserved 1048576K
}

Dll operation events (10 events):
Event: 0.031 Loaded shared library C:\Program Files\Java\jdk-24\bin\java.dll
Event: 0.128 Loaded shared library C:\Program Files\Java\jdk-24\bin\jsvml.dll
Event: 0.348 Loaded shared library C:\Program Files\Java\jdk-24\bin\zip.dll
Event: 0.354 Loaded shared library C:\Program Files\Java\jdk-24\bin\instrument.dll
Event: 0.363 Loaded shared library C:\Program Files\Java\jdk-24\bin\net.dll
Event: 0.368 Loaded shared library C:\Program Files\Java\jdk-24\bin\nio.dll
Event: 0.374 Loaded shared library C:\Program Files\Java\jdk-24\bin\zip.dll
Event: 0.614 Loaded shared library C:\Program Files\Java\jdk-24\bin\extnet.dll
Event: 0.703 Loaded shared library C:\Program Files\Java\jdk-24\bin\jimage.dll
Event: 3.762 Loaded shared library C:\Program Files\Java\jdk-24\bin\sunmscapi.dll

Deoptimization events (20 events):
Event: 5.276 Thread 0x000002c44b5955a0 DEOPT UNPACKING pc=0x000002c45b3e3e02 sp=0x000000e07d8fc928 mode 2
Event: 5.277 Thread 0x000002c44b5955a0 Uncommon trap: trap_request=0xffffff4d fr.pc=0x000002c45b9de818 relative=0x00000000000001d8
Event: 5.277 Thread 0x000002c44b5955a0 Uncommon trap: reason=unstable_if action=reinterpret pc=0x000002c45b9de818 method=org.springframework.util.ConcurrentReferenceHashMap$Segment.findInChain(Lorg/springframework/util/ConcurrentReferenceHashMap$Reference;Ljava/lang/Object;I)Lorg/springframewo
Event: 5.277 Thread 0x000002c44b5955a0 DEOPT PACKING pc=0x000002c45b9de818 sp=0x000000e07d8fc680
Event: 5.277 Thread 0x000002c44b5955a0 DEOPT UNPACKING pc=0x000002c45b3e3e02 sp=0x000000e07d8fc608 mode 2
Event: 5.620 Thread 0x000002c44b5955a0 Uncommon trap: trap_request=0xffffffc6 fr.pc=0x000002c45b963cb8 relative=0x00000000000001d8
Event: 5.620 Thread 0x000002c44b5955a0 Uncommon trap: reason=bimorphic_or_optimized_type_check action=maybe_recompile pc=0x000002c45b963cb8 method=jdk.internal.classfile.impl.AbstractPoolEntry.maybeClone(Ljava/lang/classfile/constantpool/ConstantPoolBuilder;Ljava/lang/classfile/constantpool/Po
Event: 5.620 Thread 0x000002c44b5955a0 DEOPT PACKING pc=0x000002c45b963cb8 sp=0x000000e07d8fc620
Event: 5.620 Thread 0x000002c44b5955a0 DEOPT UNPACKING pc=0x000002c45b3e3e02 sp=0x000000e07d8fc558 mode 2
Event: 5.621 Thread 0x000002c44b5955a0 Uncommon trap: trap_request=0xffffffc6 fr.pc=0x000002c45b963cb8 relative=0x00000000000001d8
Event: 5.621 Thread 0x000002c44b5955a0 Uncommon trap: reason=bimorphic_or_optimized_type_check action=maybe_recompile pc=0x000002c45b963cb8 method=jdk.internal.classfile.impl.AbstractPoolEntry.maybeClone(Ljava/lang/classfile/constantpool/ConstantPoolBuilder;Ljava/lang/classfile/constantpool/Po
Event: 5.621 Thread 0x000002c44b5955a0 DEOPT PACKING pc=0x000002c45b963cb8 sp=0x000000e07d8fc620
Event: 5.621 Thread 0x000002c44b5955a0 DEOPT UNPACKING pc=0x000002c45b3e3e02 sp=0x000000e07d8fc558 mode 2
Event: 5.634 Thread 0x000002c44b5955a0 Uncommon trap: trap_request=0xffffffc6 fr.pc=0x000002c45b963cb8 relative=0x00000000000001d8
Event: 5.634 Thread 0x000002c44b5955a0 Uncommon trap: reason=bimorphic_or_optimized_type_check action=maybe_recompile pc=0x000002c45b963cb8 method=jdk.internal.classfile.impl.AbstractPoolEntry.maybeClone(Ljava/lang/classfile/constantpool/ConstantPoolBuilder;Ljava/lang/classfile/constantpool/Po
Event: 5.634 Thread 0x000002c44b5955a0 DEOPT PACKING pc=0x000002c45b963cb8 sp=0x000000e07d8fc610
Event: 5.634 Thread 0x000002c44b5955a0 DEOPT UNPACKING pc=0x000002c45b3e3e02 sp=0x000000e07d8fc548 mode 2
Event: 5.635 Thread 0x000002c44b5955a0 Uncommon trap: trap_request=0xffffffc6 fr.pc=0x000002c45b963cb8 relative=0x00000000000001d8
Event: 5.635 Thread 0x000002c44b5955a0 Uncommon trap: reason=bimorphic_or_optimized_type_check action=maybe_recompile pc=0x000002c45b963cb8 method=jdk.internal.classfile.impl.AbstractPoolEntry.maybeClone(Ljava/lang/classfile/constantpool/ConstantPoolBuilder;Ljava/lang/classfile/constantpool/Po
Event: 5.635 Thread 0x000002c44b5955a0 DEOPT PACKING pc=0x000002c45b963cb8 sp=0x000000e07d8fc610

Classes loaded (20 events):
Event: 5.451 Loading class java/text/MessageFormat
Event: 5.452 Loading class java/text/MessageFormat done
Event: 5.488 Loading class javax/management/NotificationEmitter
Event: 5.488 Loading class javax/management/NotificationBroadcaster
Event: 5.488 Loading class javax/management/NotificationBroadcaster done
Event: 5.488 Loading class javax/management/NotificationEmitter done
Event: 5.559 Loading class java/lang/invoke/MethodHandleImpl$ArrayAccessor
Event: 5.560 Loading class java/lang/invoke/MethodHandleImpl$ArrayAccessor done
Event: 5.560 Loading class java/lang/invoke/MethodHandleImpl$ArrayAccessor$1
Event: 5.560 Loading class java/lang/invoke/MethodHandleImpl$ArrayAccessor$1 done
Event: 5.560 Loading class java/lang/ClassValue$ClassValueMap
Event: 5.560 Loading class java/lang/ClassValue$ClassValueMap done
Event: 5.590 Loading class java/security/KeyStoreException
Event: 5.590 Loading class java/security/KeyStoreException done
Event: 5.590 Loading class java/security/UnrecoverableKeyException
Event: 5.590 Loading class java/security/UnrecoverableEntryException
Event: 5.590 Loading class java/security/UnrecoverableEntryException done
Event: 5.590 Loading class java/security/UnrecoverableKeyException done
Event: 5.605 Loading class java/util/function/ObjIntConsumer
Event: 5.605 Loading class java/util/function/ObjIntConsumer done

Classes unloaded (0 events):
No events

Classes redefined (0 events):
No events

Internal exceptions (20 events):
Event: 5.144 Thread 0x000002c44b5955a0 Exception <a 'java/lang/NoClassDefFoundError'{0x00000000cc1afb10}: liquibase/integration/spring/SpringLiquibase> (0x00000000cc1afb10) 
thrown [s\open\src\hotspot\share\classfile\systemDictionary.cpp, line 316]
Event: 5.157 Thread 0x000002c44b5955a0 Exception <a 'java/lang/NoClassDefFoundError'{0x00000000cc007cf0}: org/jooq/DSLContext> (0x00000000cc007cf0) 
thrown [s\open\src\hotspot\share\classfile\systemDictionary.cpp, line 316]
Event: 5.208 Thread 0x000002c44b5955a0 Exception <a 'java/lang/NoClassDefFoundError'{0x00000000cbe4e900}: org/springframework/batch/core/repository/JobRepository> (0x00000000cbe4e900) 
thrown [s\open\src\hotspot\share\classfile\systemDictionary.cpp, line 316]
Event: 5.208 Thread 0x000002c44b5955a0 Exception <a 'java/lang/NoClassDefFoundError'{0x00000000cbe4f3d8}: org/quartz/Scheduler> (0x00000000cbe4f3d8) 
thrown [s\open\src\hotspot\share\classfile\systemDictionary.cpp, line 316]
Event: 5.208 Thread 0x000002c44b5955a0 Exception <a 'java/lang/NoClassDefFoundError'{0x00000000cbe50058}: org/springframework/session/jdbc/JdbcIndexedSessionRepository> (0x00000000cbe50058) 
thrown [s\open\src\hotspot\share\classfile\systemDictionary.cpp, line 316]
Event: 5.243 Thread 0x000002c44b5955a0 Exception <a 'java/lang/NoSuchMethodError'{0x00000000cbd1ae48}: 'void java.lang.invoke.DirectMethodHandle$Holder.invokeSpecial(java.lang.Object, java.lang.Object, java.lang.Object, java.lang.Object, java.lang.Object, java.lang.Object)'> (0x00000000cbd1ae48) 
thrown [s\open\src\hotspot\share\interpreter\linkResolver.cpp, line 805]
Event: 5.246 Thread 0x000002c44b5955a0 Exception <a 'java/lang/NoSuchMethodError'{0x00000000cbd45e50}: 'java.lang.Object java.lang.invoke.Invokers$Holder.invokeExact_MT(java.lang.Object, java.lang.Object, java.lang.Object, java.lang.Object, java.lang.Object, java.lang.Object)'> (0x00000000cbd45e50) 
thrown [s\open\src\hotspot\share\interpreter\linkResolver.cpp, line 805]
Event: 5.298 Thread 0x000002c44b5955a0 Exception <a 'java/lang/IncompatibleClassChangeError'{0x00000000cbc9df38}: Found class java.lang.Object, but interface was expected> (0x00000000cbc9df38) 
thrown [s\open\src\hotspot\share\interpreter\linkResolver.cpp, line 872]
Event: 5.335 Thread 0x000002c44b5955a0 Exception <a 'java/lang/NoSuchMethodError'{0x00000000cbb760b0}: 'void java.lang.invoke.DirectMethodHandle$Holder.invokeVirtual(java.lang.Object, java.lang.Object, int)'> (0x00000000cbb760b0) 
thrown [s\open\src\hotspot\share\interpreter\linkResolver.cpp, line 805]
Event: 5.337 Thread 0x000002c44b5955a0 Exception <a 'java/lang/NoSuchMethodError'{0x00000000cbb8e0e0}: 'java.lang.Object java.lang.invoke.DirectMethodHandle$Holder.invokeStatic(java.lang.Object, java.lang.Object, java.lang.Object, java.lang.Object, int)'> (0x00000000cbb8e0e0) 
thrown [s\open\src\hotspot\share\interpreter\linkResolver.cpp, line 805]
Event: 5.338 Thread 0x000002c44b5955a0 Exception <a 'java/lang/NoSuchMethodError'{0x00000000cbba6780}: 'void java.lang.invoke.DelegatingMethodHandle$Holder.reinvoke_L(java.lang.Object, java.lang.Object, int)'> (0x00000000cbba6780) 
thrown [s\open\src\hotspot\share\interpreter\linkResolver.cpp, line 805]
Event: 5.440 Thread 0x000002c44b5955a0 Exception <a 'java/lang/NoSuchMethodError'{0x00000000cb9d8a08}: 'java.lang.Object java.lang.invoke.DirectMethodHandle$Holder.invokeSpecialIFC(java.lang.Object, java.lang.Object, java.lang.Object)'> (0x00000000cb9d8a08) 
thrown [s\open\src\hotspot\share\interpreter\linkResolver.cpp, line 805]
Event: 5.457 Thread 0x000002c44b5955a0 Exception <a 'java/lang/NoSuchMethodError'{0x00000000cb8320e0}: 'java.lang.Object java.lang.invoke.DirectMethodHandle$Holder.invokeVirtual(java.lang.Object, java.lang.Object, java.lang.Object, java.lang.Object, java.lang.Object)'> (0x00000000cb8320e0) 
thrown [s\open\src\hotspot\share\interpreter\linkResolver.cpp, line 805]
Event: 5.558 Thread 0x000002c44b5955a0 Exception <a 'java/lang/NoSuchMethodError'{0x00000000cb6d1d00}: 'java.lang.Object java.lang.invoke.DirectMethodHandle$Holder.invokeVirtual(java.lang.Object, java.lang.Object, java.lang.Object, java.lang.Object, java.lang.Object, java.lang.Object)'> (0x00000000cb6d1d00) 
thrown [s\open\src\hotspot\share\interpreter\linkResolver.cpp, line 805]
Event: 5.562 Thread 0x000002c44b5955a0 Exception <a 'java/lang/NoSuchMethodError'{0x00000000cb6ec988}: 'java.lang.Object java.lang.invoke.DirectMethodHandle$Holder.invokeStatic(java.lang.Object, java.lang.Object, int)'> (0x00000000cb6ec988) 
thrown [s\open\src\hotspot\share\interpreter\linkResolver.cpp, line 805]
Event: 5.563 Thread 0x000002c44b5955a0 Exception <a 'java/lang/NoSuchMethodError'{0x00000000cb505108}: 'void java.lang.invoke.DelegatingMethodHandle$Holder.delegate(java.lang.Object, java.lang.Object, int, java.lang.Object)'> (0x00000000cb505108) 
thrown [s\open\src\hotspot\share\interpreter\linkResolver.cpp, line 805]
Event: 5.619 Thread 0x000002c44b5955a0 Exception <a 'java/lang/NoSuchMethodError'{0x00000000cb49d0d8}: 'void java.lang.invoke.DirectMethodHandle$Holder.invokeInterface(java.lang.Object, java.lang.Object, int)'> (0x00000000cb49d0d8) 
thrown [s\open\src\hotspot\share\interpreter\linkResolver.cpp, line 805]
Event: 5.625 Thread 0x000002c44b5955a0 Exception <a 'java/lang/IncompatibleClassChangeError'{0x00000000cb3627d0}: Found class java.lang.Object, but interface was expected> (0x00000000cb3627d0) 
thrown [s\open\src\hotspot\share\interpreter\linkResolver.cpp, line 872]
Event: 5.626 Thread 0x000002c44b5955a0 Exception <a 'java/lang/NoSuchMethodError'{0x00000000cb38b938}: 'int java.lang.invoke.DirectMethodHandle$Holder.invokeSpecialIFC(java.lang.Object, java.lang.Object, java.lang.Object)'> (0x00000000cb38b938) 
thrown [s\open\src\hotspot\share\interpreter\linkResolver.cpp, line 805]
Event: 5.630 Thread 0x000002c44b5955a0 Exception <a 'java/lang/NoSuchMethodError'{0x00000000cb3c4990}: 'void java.lang.invoke.DirectMethodHandle$Holder.invokeStatic(java.lang.Object, int, java.lang.Object)'> (0x00000000cb3c4990) 
thrown [s\open\src\hotspot\share\interpreter\linkResolver.cpp, line 805]

VM Operations (20 events):
Event: 4.579 Executing VM operation: HandshakeAllThreads (Deoptimize)
Event: 4.579 Executing VM operation: HandshakeAllThreads (Deoptimize) done
Event: 4.580 Executing VM operation: HandshakeAllThreads (Deoptimize)
Event: 4.580 Executing VM operation: HandshakeAllThreads (Deoptimize) done
Event: 4.709 Executing VM operation: HandshakeAllThreads (Deoptimize)
Event: 4.709 Executing VM operation: HandshakeAllThreads (Deoptimize) done
Event: 4.798 Executing VM operation: HandshakeAllThreads (Deoptimize)
Event: 4.798 Executing VM operation: HandshakeAllThreads (Deoptimize) done
Event: 4.927 Executing VM operation: G1CollectForAllocation (G1 Evacuation Pause)
Event: 4.935 Executing VM operation: G1CollectForAllocation (G1 Evacuation Pause) done
Event: 5.024 Executing VM operation: HandshakeAllThreads (Deoptimize)
Event: 5.024 Executing VM operation: HandshakeAllThreads (Deoptimize) done
Event: 5.057 Executing VM operation: HandshakeAllThreads (Deoptimize)
Event: 5.057 Executing VM operation: HandshakeAllThreads (Deoptimize) done
Event: 5.093 Executing VM operation: HandshakeAllThreads (Deoptimize)
Event: 5.093 Executing VM operation: HandshakeAllThreads (Deoptimize) done
Event: 5.351 Executing VM operation: HandshakeAllThreads (Deoptimize)
Event: 5.351 Executing VM operation: HandshakeAllThreads (Deoptimize) done
Event: 5.561 Executing VM operation: HandshakeAllThreads (Deoptimize)
Event: 5.561 Executing VM operation: HandshakeAllThreads (Deoptimize) done

Memory protections (0 events):
No events

Nmethod flushes (0 events):
No events

Events (16 events):
Event: 0.089 Thread 0x000002c44b5955a0 Thread added: 0x000002c44b5955a0
Event: 0.112 Thread 0x000002c44b5955a0 Thread added: 0x000002c46651d890
Event: 0.113 Thread 0x000002c44b5955a0 Thread added: 0x000002c46651e4c0
Event: 0.113 Thread 0x000002c44b5955a0 Thread added: 0x000002c466521200
Event: 0.113 Thread 0x000002c44b5955a0 Thread added: 0x000002c466521f30
Event: 0.113 Thread 0x000002c44b5955a0 Thread added: 0x000002c466524b70
Event: 0.113 Thread 0x000002c44b5955a0 Thread added: 0x000002c4665266b0
Event: 0.114 Thread 0x000002c44b5955a0 Thread added: 0x000002c466527510
Event: 0.118 Thread 0x000002c44b5955a0 Thread added: 0x000002c466564ae0
Event: 0.359 Thread 0x000002c44b5955a0 Thread added: 0x000002c4451a19b0
Event: 0.589 Thread 0x000002c44b5955a0 Thread added: 0x000002c445506990
Event: 0.589 Thread 0x000002c44b5955a0 Thread added: 0x000002c4455070d0
Event: 2.149 Thread 0x000002c44b5955a0 Thread added: 0x000002c445d30aa0
Event: 2.980 Thread 0x000002c44b5955a0 Thread added: 0x000002c4462b2fd0
Event: 3.058 Thread 0x000002c4462b2fd0 Thread exited: 0x000002c4462b2fd0
Event: 3.779 Thread 0x000002c445d30aa0 Thread exited: 0x000002c445d30aa0


Dynamic libraries:
0x00007ff701050000 - 0x00007ff701060000 	C:\Program Files\Java\jdk-24\bin\java.exe
0x00007ffbafea0000 - 0x00007ffbb0107000 	C:\WINDOWS\SYSTEM32\ntdll.dll
0x00007ffbaeb20000 - 0x00007ffbaebe9000 	C:\WINDOWS\System32\KERNEL32.DLL
0x00007ffbad080000 - 0x00007ffbad470000 	C:\WINDOWS\System32\KERNELBASE.dll
0x00007ffbadae0000 - 0x00007ffbadc2b000 	C:\WINDOWS\System32\ucrtbase.dll
0x00007ffb034d0000 - 0x00007ffb034e6000 	C:\Program Files\Java\jdk-24\bin\jli.dll
0x00007ffbae080000 - 0x00007ffbae245000 	C:\WINDOWS\System32\USER32.dll
0x00007ffbad510000 - 0x00007ffbad537000 	C:\WINDOWS\System32\win32u.dll
0x00007ffbaed80000 - 0x00007ffbaedab000 	C:\WINDOWS\System32\GDI32.dll
0x00007ffbad820000 - 0x00007ffbad958000 	C:\WINDOWS\System32\gdi32full.dll
0x00007ffbacfd0000 - 0x00007ffbad073000 	C:\WINDOWS\System32\msvcp_win.dll
0x00007ffb034b0000 - 0x00007ffb034cb000 	C:\Program Files\Java\jdk-24\bin\VCRUNTIME140.dll
0x00007ffb945c0000 - 0x00007ffb9485a000 	C:\WINDOWS\WinSxS\amd64_microsoft.windows.common-controls_6595b64144ccf1df_6.0.26100.4768_none_3e0c112ce331287c\COMCTL32.dll
0x00007ffbae2d0000 - 0x00007ffbae379000 	C:\WINDOWS\System32\msvcrt.dll
0x00007ffbaf920000 - 0x00007ffbaf94f000 	C:\WINDOWS\System32\IMM32.DLL
0x00007ffb3ccd0000 - 0x00007ffb3ccdc000 	C:\Program Files\Java\jdk-24\bin\vcruntime140_1.dll
0x00007ffb03420000 - 0x00007ffb034ae000 	C:\Program Files\Java\jdk-24\bin\msvcp140.dll
0x00007ffb02670000 - 0x00007ffb03411000 	C:\Program Files\Java\jdk-24\bin\server\jvm.dll
0x00007ffbadd60000 - 0x00007ffbade14000 	C:\WINDOWS\System32\ADVAPI32.dll
0x00007ffbadc30000 - 0x00007ffbadcd6000 	C:\WINDOWS\System32\sechost.dll
0x00007ffbae380000 - 0x00007ffbae498000 	C:\WINDOWS\System32\RPCRT4.dll
0x00007ffbae250000 - 0x00007ffbae2c4000 	C:\WINDOWS\System32\WS2_32.dll
0x00007ffbace30000 - 0x00007ffbace8e000 	C:\WINDOWS\SYSTEM32\POWRPROF.dll
0x00007ffba4930000 - 0x00007ffba4965000 	C:\WINDOWS\SYSTEM32\WINMM.dll
0x00007ffba4970000 - 0x00007ffba497b000 	C:\WINDOWS\SYSTEM32\VERSION.dll
0x00007ffbace10000 - 0x00007ffbace24000 	C:\WINDOWS\SYSTEM32\UMPDC.dll
0x00007ffbabd50000 - 0x00007ffbabd6b000 	C:\WINDOWS\SYSTEM32\kernel.appcore.dll
0x00007ffb26430000 - 0x00007ffb2643a000 	C:\Program Files\Java\jdk-24\bin\jimage.dll
0x00007ffba1500000 - 0x00007ffba1741000 	C:\WINDOWS\SYSTEM32\DBGHELP.DLL
0x00007ffbae790000 - 0x00007ffbaeb15000 	C:\WINDOWS\System32\combase.dll
0x00007ffbade20000 - 0x00007ffbadf00000 	C:\WINDOWS\System32\OLEAUT32.dll
0x00007ffb93900000 - 0x00007ffb93943000 	C:\WINDOWS\SYSTEM32\dbgcore.DLL
0x00007ffbad540000 - 0x00007ffbad5d9000 	C:\WINDOWS\System32\bcryptPrimitives.dll
0x00007ffba26b0000 - 0x00007ffba26bf000 	C:\Program Files\Java\jdk-24\bin\instrument.dll
0x00007ffb02650000 - 0x00007ffb0266e000 	C:\Program Files\Java\jdk-24\bin\java.dll
0x00007ffbaf570000 - 0x00007ffbaf710000 	C:\WINDOWS\System32\ole32.dll
0x00007ffbaee10000 - 0x00007ffbaf55d000 	C:\WINDOWS\System32\SHELL32.dll
0x00007ffbad5e0000 - 0x00007ffbad753000 	C:\WINDOWS\System32\wintypes.dll
0x00007ffbaabf0000 - 0x00007ffbab450000 	C:\WINDOWS\SYSTEM32\windows.storage.dll
0x00007ffbae520000 - 0x00007ffbae615000 	C:\WINDOWS\System32\SHCORE.dll
0x00007ffbadf10000 - 0x00007ffbadf7a000 	C:\WINDOWS\System32\shlwapi.dll
0x00007ffbacef0000 - 0x00007ffbacf19000 	C:\WINDOWS\SYSTEM32\profapi.dll
0x00007ffb02300000 - 0x00007ffb023d7000 	C:\Program Files\Java\jdk-24\bin\jsvml.dll
0x00007ffb02530000 - 0x00007ffb02547000 	C:\Program Files\Java\jdk-24\bin\zip.dll
0x00007ffb0f3d0000 - 0x00007ffb0f3e0000 	C:\Program Files\Java\jdk-24\bin\net.dll
0x00007ffbac2e0000 - 0x00007ffbac34b000 	C:\WINDOWS\system32\mswsock.dll
0x00007ffb02550000 - 0x00007ffb02566000 	C:\Program Files\Java\jdk-24\bin\nio.dll
0x00007ffba7de0000 - 0x00007ffba7de9000 	C:\Program Files\Java\jdk-24\bin\extnet.dll
0x00007ffba26a0000 - 0x00007ffba26ae000 	C:\Program Files\Java\jdk-24\bin\sunmscapi.dll
0x00007ffbad960000 - 0x00007ffbadad7000 	C:\WINDOWS\System32\CRYPT32.dll
0x00007ffbac7c0000 - 0x00007ffbac7f0000 	C:\WINDOWS\SYSTEM32\ncrypt.dll
0x00007ffbac770000 - 0x00007ffbac7af000 	C:\WINDOWS\SYSTEM32\NTASN1.dll

JVMTI agents:
C:\Program Files\JetBrains\IntelliJ IDEA Community Edition 2025.1.4.1\lib\idea_rt.jar path:C:\Program Files\Java\jdk-24\bin\instrument.dll, loaded, initialized, instrumentlib options:61572

dbghelp: loaded successfully - version: 4.0.5 - missing functions: none
symbol engine: initialized successfully - sym options: 0x614 - pdb path: .;C:\Program Files\Java\jdk-24\bin;C:\WINDOWS\SYSTEM32;C:\WINDOWS\WinSxS\amd64_microsoft.windows.common-controls_6595b64144ccf1df_6.0.26100.4768_none_3e0c112ce331287c;C:\Program Files\Java\jdk-24\bin\server

VM Arguments:
jvm_args: -javaagent:C:\Program Files\JetBrains\IntelliJ IDEA Community Edition 2025.1.4.1\lib\idea_rt.jar=61572 -Dfile.encoding=UTF-8 -Dsun.stdout.encoding=UTF-8 -Dsun.stderr.encoding=UTF-8 
java_command: com.example.fidelidad_api.FidelidadApiApplication
java_class_path (initial): C:\Users\Alecr\Desktop\pruebaValoracion\fidelidad-api\target\classes;C:\Users\Alecr\.m2\repository\org\springframework\boot\spring-boot-starter-data-jpa\3.5.5\spring-boot-starter-data-jpa-3.5.5.jar;C:\Users\Alecr\.m2\repository\org\springframework\boot\spring-boot-starter\3.5.5\spring-boot-starter-3.5.5.jar;C:\Users\Alecr\.m2\repository\org\springframework\boot\spring-boot\3.5.5\spring-boot-3.5.5.jar;C:\Users\Alecr\.m2\repository\org\springframework\boot\spring-boot-autoconfigure\3.5.5\spring-boot-autoconfigure-3.5.5.jar;C:\Users\Alecr\.m2\repository\org\springframework\boot\spring-boot-starter-logging\3.5.5\spring-boot-starter-logging-3.5.5.jar;C:\Users\Alecr\.m2\repository\ch\qos\logback\logback-classic\1.5.18\logback-classic-1.5.18.jar;C:\Users\Alecr\.m2\repository\ch\qos\logback\logback-core\1.5.18\logback-core-1.5.18.jar;C:\Users\Alecr\.m2\repository\org\apache\logging\log4j\log4j-to-slf4j\2.24.3\log4j-to-slf4j-2.24.3.jar;C:\Users\Alecr\.m2\repository\org\apache\logging\log4j\log4j-api\2.24.3\log4j-api-2.24.3.jar;C:\Users\Alecr\.m2\repository\org\slf4j\jul-to-slf4j\2.0.17\jul-to-slf4j-2.0.17.jar;C:\Users\Alecr\.m2\repository\jakarta\annotation\jakarta.annotation-api\2.1.1\jakarta.annotation-api-2.1.1.jar;C:\Users\Alecr\.m2\repository\org\yaml\snakeyaml\2.4\snakeyaml-2.4.jar;C:\Users\Alecr\.m2\repository\org\springframework\boot\spring-boot-starter-jdbc\3.5.5\spring-boot-starter-jdbc-3.5.5.jar;C:\Users\Alecr\.m2\repository\com\zaxxer\HikariCP\6.3.2\HikariCP-6.3.2.jar;C:\Users\Alecr\.m2\repository\org\springframework\spring-jdbc\6.2.10\spring-jdbc-6.2.10.jar;C:\Users\Alecr\.m2\repository\org\hibernate\orm\hibernate-core\6.6.26.Final\hibernate-core-6.6.26.Final.jar;C:\Users\Alecr\.m2\repository\jakarta\persistence\jakarta.persistence-api\3.1.0\jakarta.persistence-api-3.1.0.jar;C:\Users\Alecr\.m2\repository\jakarta\transaction\jakarta.transaction-api\2.0.1\jakarta.transaction-api-2.0.1.jar;C:\Users\Alecr\.m2\repository\org\jboss\logging\jboss-logging\3.6.1.Final\jboss-logging-3.6.1.Final.jar;C:\Users\Alecr\.m2\repository\org\hibernate\common\hibernate-commons-annotations\7.0.3.Final\hibernate-commons-annotations-7.0.3.Final.jar;C:\Users\Alecr\.m2\repository\io\smallrye\jandex\3.2.0\jandex-3.2.0.jar;C:\Users\Alecr\.m2\repository\com\fasterxml\classmate\1.7.0\classmate-1.7.0.jar;C:\Users\Alecr\.m2\repository\net\bytebuddy\byte-buddy\1.17.7\byte-buddy-1.17.7.jar;C:\Users\Alecr\.m2\repository\org\glassfish\jaxb\jaxb-runtime\4.0.5\jaxb-runtime-4.0.5.jar;C:\Users\Alecr\.m2\repository\org\glassfish\jaxb\jaxb-core\4.0.5\jaxb-core-4.0.5.jar;C:\Users\Alecr\.m2\repository\org\eclipse\angus\angus-activation\2.0.2\angus-activation-2.0.2.jar;C:\Users\Alecr\.m2\repository\org\glassfish\jaxb\txw2\4.0.5\txw2-4.0.5.jar;C:\Users\Alecr\.m2\repository\com\sun\istack\istack-commons-runtime\4.1.2\istack-commons-runtime-4.1.2.jar;C:\Users\Alecr\.m2\repository\jakarta\inject\jakarta.inject-api\2.0.1\jakarta.inject-api-2.0.1.jar;C:\Users\Alecr\.m2\repository\org\antlr\antlr4-runtime\4.13.0\antlr4-runtime-4.13.0.jar;C:\Users\Alecr\.m2\repository\org\springframework\data\spring-data-jpa\3.5.3\spring-data-jpa-3.5.3.jar;C:\Users\Alecr\.m2\repository\org\springframework\data\spring-data-commons\3.5.3\spring-data-commons-3.5.3.jar;C:\Users\Alecr\.m2\repository\org\springframework\spring-orm\6.2.10\spring-orm-6.2.10.jar;C:\Users\Alecr\.m2\repository\org\springframework\spring-context\6.2.10\spring-context-6.2.10.jar;C:\Users\Alecr\.m2\repository\org\springframework\spring-aop\6.2.10\spring-aop-6.2.10.jar;C:\Users\Alecr\.m2\repository\org\springframework\spring-tx\6.2.10\spring-tx-6.2.10.jar;C:\Users\Alecr\.m2\repository\org\springframework\spring-beans\6.2.10\spring-beans-6.2.10.jar;C:\Users\Alecr\.m2\repository\org\slf4j\slf4j-api\2.0.17\slf4j-api-2.0.17.jar;C:\Users\Alecr\.m2\repository\org\springframework\spring-aspects\6.2.10\spring-aspects-6.2.10.jar;C:\Users\Alecr\.m2\repository\org\aspectj\aspectjweaver\1.9.24\aspectjweaver-1.9.24.jar;C:\Users\Alecr\.m2\repository\org\springframework\boot\spring-boot-starter-validation\3.5.5\spring-boot-starter-validation-3.5.5.jar;C:\Users\Alecr\.m2\repository\org\apache\tomcat\embed\tomcat-embed-el\10.1.44\tomcat-embed-el-10.1.44.jar;C:\Users\Alecr\.m2\repository\org\hibernate\validator\hibernate-validator\8.0.3.Final\hibernate-validator-8.0.3.Final.jar;C:\Users\Alecr\.m2\repository\jakarta\validation\jakarta.validation-api\3.0.2\jakarta.validation-api-3.0.2.jar;C:\Users\Alecr\.m2\repository\org\springframework\boot\spring-boot-starter-web\3.5.5\spring-boot-starter-web-3.5.5.jar;C:\Users\Alecr\.m2\repository\org\springframework\boot\spring-boot-starter-json\3.5.5\spring-boot-starter-json-3.5.5.jar;C:\Users\Alecr\.m2\repository\com\fasterxml\jackson\core\jackson-databind\2.19.2\jackson-databind-2.19.2.jar;C:\Users\Alecr\.m2\repository\com\fasterxml\jackson\core\jackson-annotations\2.19.2\jackson-annotations-2.19.2.jar;C:\Users\Alecr\.m2\repository\com\fasterxml\jackson\core\jackson-core\2.19.2\jackson-core-2.19.2.jar;C:\Users\Alecr\.m2\repository\com\fasterxml\jackson\datatype\jackson-datatype-jdk8\2.19.2\jackson-datatype-jdk8-2.19.2.jar;C:\Users\Alecr\.m2\repository\com\fasterxml\jackson\datatype\jackson-datatype-jsr310\2.19.2\jackson-datatype-jsr310-2.19.2.jar;C:\Users\Alecr\.m2\repository\com\fasterxml\jackson\module\jackson-module-parameter-names\2.19.2\jackson-module-parameter-names-2.19.2.jar;C:\Users\Alecr\.m2\repository\org\springframework\boot\spring-boot-starter-tomcat\3.5.5\spring-boot-starter-tomcat-3.5.5.jar;C:\Users\Alecr\.m2\repository\org\apache\tomcat\embed\tomcat-embed-core\10.1.44\tomcat-embed-core-10.1.44.jar;C:\Users\Alecr\.m2\repository\org\apache\tomcat\embed\tomcat-embed-websocket\10.1.44\tomcat-embed-websocket-10.1.44.jar;C:\Users\Alecr\.m2\repository\org\springframework\spring-web\6.2.10\spring-web-6.2.10.jar;C:\Users\Alecr\.m2\repository\io\micrometer\micrometer-observation\1.15.3\micrometer-observation-1.15.3.jar;C:\Users\Alecr\.m2\repository\io\micrometer\micrometer-commons\1.15.3\micrometer-commons-1.15.3.jar;C:\Users\Alecr\.m2\repository\org\springframework\spring-webmvc\6.2.10\spring-webmvc-6.2.10.jar;C:\Users\Alecr\.m2\repository\org\springframework\spring-expression\6.2.10\spring-expression-6.2.10.jar;C:\Users\Alecr\.m2\repository\com\h2database\h2\2.3.232\h2-2.3.232.jar;C:\Users\Alecr\.m2\repository\com\mysql\mysql-connector-j\9.4.0\mysql-connector-j-9.4.0.jar;C:\Users\Alecr\.m2\repository\org\projectlombok\lombok\1.18.38\lombok-1.18.38.jar;C:\Users\Alecr\.m2\repository\jakarta\xml\bind\jakarta.xml.bind-api\4.0.2\jakarta.xml.bind-api-4.0.2.jar;C:\Users\Alecr\.m2\repository\jakarta\activation\jakarta.activation-api\2.1.3\jakarta.activation-api-2.1.3.jar;C:\Users\Alecr\.m2\repository\org\springframework\spring-core\6.2.10\spring-core-6.2.10.jar;C:\Users\Alecr\.m2\repository\org\springframework\spring-jcl\6.2.10\spring-jcl-6.2.10.jar
Launcher Type: SUN_STANDARD

[Global flags]
     intx CICompilerCount                          = 3                                         {product} {ergonomic}
     uint ConcGCThreads                            = 1                                         {product} {ergonomic}
     uint G1ConcRefinementThreads                  = 4                                         {product} {ergonomic}
   size_t G1HeapRegionSize                         = 1048576                                   {product} {ergonomic}
   size_t InitialHeapSize                          = 58720256                                  {product} {ergonomic}
   size_t MarkStackSize                            = 4194304                                   {product} {ergonomic}
   size_t MarkStackSizeMax                         = 536870912                                 {product} {ergonomic}
   size_t MaxHeapSize                              = 920649728                                 {product} {ergonomic}
   size_t MaxNewSize                               = 551550976                                 {product} {ergonomic}
   size_t MinHeapDeltaBytes                        = 1048576                                   {product} {ergonomic}
   size_t MinHeapSize                              = 8388608                                   {product} {ergonomic}
    uintx NonNMethodCodeHeapSize                   = 5832704                                {pd product} {ergonomic}
    uintx NonProfiledCodeHeapSize                  = 122945536                              {pd product} {ergonomic}
    uintx ProfiledCodeHeapSize                     = 122880000                              {pd product} {ergonomic}
    uintx ReservedCodeCacheSize                    = 251658240                              {pd product} {ergonomic}
     bool SegmentedCodeCache                       = true                                      {product} {ergonomic}
   size_t SoftMaxHeapSize                          = 920649728                              {manageable} {ergonomic}
     bool UseCompressedOops                        = true                           {product lp64_product} {ergonomic}
     bool UseG1GC                                  = true                                      {product} {ergonomic}
     bool UseLargePagesIndividualAllocation        = false                                  {pd product} {ergonomic}

Logging:
Log output configuration:
 #0: stdout all=warning uptime,level,tags foldmultilines=false
 #1: stderr all=off uptime,level,tags foldmultilines=false

Environment Variables:
PATH=C:\Python313\Scripts\;C:\Python313\;C:\Program Files\Common Files\Oracle\Java\javapath;C:\Program Files (x86)\Common Files\Oracle\Java\java8path;C:\Program Files (x86)\Common Files\Oracle\Java\javapath;C:\WINDOWS\system32;C:\WINDOWS;C:\WINDOWS\System32\Wbem;C:\WINDOWS\System32\WindowsPowerShell\v1.0\;C:\WINDOWS\System32\OpenSSH\;C:\Program Files\Git\cmd;C:\Program Files\dotnet\;C:\Program Files (x86)\Microsoft SQL Server\160\Tools\Binn\;C:\Program Files\Microsoft SQL Server\160\Tools\Binn\;C:\Program Files\Microsoft SQL Server\Client SDK\ODBC\170\Tools\Binn\;C:\Program Files\Microsoft SQL Server\160\DTS\Binn\;C:\Program Files\nodejs\;C:\ProgramData\chocolatey\bin;C:\Users\Alecr\AppData\Local\Microsoft\WindowsApps;C:\Users\Alecr\AppData\Local\Programs\Microsoft VS Code\bin;C:\Users\Alecr\AppData\Roaming\npm
USERNAME=Alecr
OS=Windows_NT
PROCESSOR_IDENTIFIER=AMD64 Family 23 Model 24 Stepping 1, AuthenticAMD
TMP=C:\Users\Alecr\AppData\Local\Temp
TEMP=C:\Users\Alecr\AppData\Local\Temp




Periodic native trim disabled

---------------  S Y S T E M  ---------------

OS:
 Windows 11 , 64 bit Build 26100 (10.0.26100.4768)
OS uptime: 0 days 1:42 hours

CPU: total 4 (initial active 4) (4 cores per cpu, 2 threads per core) family 23 model 24 stepping 1 microcode 0x8108109, cx8, cmov, fxsr, ht, mmx, 3dnowpref, sse, sse2, sse3, ssse3, sse4a, sse4.1, sse4.2, popcnt, lzcnt, tsc, tscinvbit, avx, avx2, aes, clmul, bmi1, bmi2, adx, sha, fma, vzeroupper, clflush, clflushopt, rdtscp, f16c
Processor Information for the first 4 processors :
  Max Mhz: 2400, Current Mhz: 2400, Mhz Limit: 2400

Memory: 4k page, system-wide physical 3504M (290M free)
TotalPageFile size 14256M (AvailPageFile size 16M)
current process WorkingSet (physical memory assigned to process): 159M, peak: 165M
current process commit charge ("private bytes"): 193M, peak: 218M

vm_info: Java HotSpot(TM) 64-Bit Server VM (24.0.2+12-54) for windows-amd64 JRE (24.0.2+12-54), built on 2025-07-08T12:10:27Z with MS VC++ 17.6 (VS2022)

END.
